Running: /opt/Xilinx/14.7/ISE_DS/ISE/bin/lin64/unwrapped/fuse -intstyle ise -incremental -lib secureip -o /home/ise/Desktop/SimpleProcessor/ALU_ALU_sch_tb_isim_beh.exe -prj /home/ise/Desktop/SimpleProcessor/ALU_ALU_sch_tb_beh.prj work.ALU_ALU_sch_tb 
ISim P.20131013 (signature 0xfbc00daa)
Number of CPUs detected in this system: 6
Turning on mult-threading, number of parallel sub-compilation jobs: 12 
Determining compilation order of HDL files
Parsing VHDL file "/home/ise/Desktop/SimpleProcessor/mybuf4.vhf" into library work
Parsing VHDL file "/home/ise/Desktop/SimpleProcessor/mux4bit8to1.vhf" into library work
Parsing VHDL file "/home/ise/Desktop/SimpleProcessor/mux8bit8to1.vhf" into library work
Parsing VHDL file "/home/ise/Desktop/SimpleProcessor/bitXOR.vhf" into library work
Parsing VHDL file "/home/ise/Desktop/SimpleProcessor/bitOR.vhf" into library work
Parsing VHDL file "/home/ise/Desktop/SimpleProcessor/bitAND.vhf" into library work
Parsing VHDL file "/home/ise/Desktop/SimpleProcessor/ALU.vhf" into library work
Parsing VHDL file "/home/ise/Desktop/SimpleProcessor/ALU_tb.vhd" into library work
Starting static elaboration
Completed static elaboration
Fuse Memory Usage: 113452 KB
Fuse CPU Usage: 6510 ms
Compiling package standard
Compiling package std_logic_1164
Compiling package numeric_std
Compiling package vcomponents
Compiling architecture m8_1e_hxilinx_alu_v of entity M8_1E_HXILINX_ALU [m8_1e_hxilinx_alu_default]
Compiling architecture vcc_v of entity VCC [vcc_default]
Compiling architecture behavioral of entity mux4bit8to1_MUSER_ALU [mux4bit8to1_muser_alu_default]
Compiling architecture buf_v of entity BUF [buf_default]
Compiling architecture behavioral of entity mybuf4_MUSER_ALU [mybuf4_muser_alu_default]
Compiling architecture behavioral of entity mux8bit8to1_MUSER_ALU [mux8bit8to1_muser_alu_default]
Compiling architecture xor2_v of entity XOR2 [xor2_default]
Compiling architecture behavioral of entity bitXOR_MUSER_ALU [bitxor_muser_alu_default]
Compiling architecture and2_v of entity AND2 [and2_default]
Compiling architecture behavioral of entity bitAND_MUSER_ALU [bitand_muser_alu_default]
Compiling architecture or2_v of entity OR2 [or2_default]
Compiling architecture behavioral of entity bitOR_MUSER_ALU [bitor_muser_alu_default]
Compiling architecture behavioral of entity ALU [alu_default]
Compiling architecture behavioral of entity alu_alu_sch_tb
Time Resolution for simulation is 1ps.
Waiting for 4 sub-compilation(s) to finish...
Compiled 31 VHDL Units
Built simulation executable /home/ise/Desktop/SimpleProcessor/ALU_ALU_sch_tb_isim_beh.exe
Fuse Memory Usage: 946428 KB
Fuse CPU Usage: 7460 ms
GCC CPU Usage: 3380 ms
